<?xml version="1.0" encoding="UTF-8"?>
<!-- Generated by org.testng.reporters.JUnitReportReporter -->
<testsuite hostname="SYPULCQ20003" failures="0" tests="1" name="search.validateResult" time="3.350" errors="0" timestamp="2021-08-08T19:05:51 IST" skipped="0">
  <testcase classname="search.validateResult" name="validateFirstResult" time="3.350"/>
  <system-out/>
</testsuite> <!-- search.validateResult -->
